<?xml version="1.0" encoding="UTF-8"?>
<!-- Generated by org.testng.reporters.JUnitReportReporter -->
<testsuite hostname="WINDOWS-PV3LDU9" failures="0" tests="1" name="automation_test.parallel.AmortizedLoanPgObjParrelTest" time="10.432" errors="0" timestamp="2024-10-15T18:33:11 EDT" skipped="0">
  <testcase classname="automation_test.parallel.AmortizedLoanPgObjParrelTest" name="verifyAmortizedLoan" time="10.432"/>
</testsuite> <!-- automation_test.parallel.AmortizedLoanPgObjParrelTest -->
